<?xml version="1.0" encoding="UTF-8"?>
<testsuite xmlns:xsi="http://www.w3.org/2001/XMLSchema-instance" xsi:noNamespaceSchemaLocation="https://maven.apache.org/surefire/maven-surefire-plugin/xsd/surefire-test-report-3.0.xsd" version="3.0" name="steps.RunTest" time="10.12" tests="1" errors="0" skipped="0" failures="0">
  <properties>
[...]
</properties>
  <testcase name="I want to select the first filter" classname="I want to test task one" time="9.756">
    <system-out><![CDATA[
Scenario: I want to select the first filter                                                    &amp#27;[90m# src/test/resources/taskOne.feature:3&amp#27;[0m
00:34:07.910 [main] DEBUG io.github.bonigarcia.wdm.cache.ResolutionCache - Resolution chrome=91 in cache (valid until 00:47:32 23/07/2021 SAMT)
00:34:07.914 [main] DEBUG io.github.bonigarcia.wdm.cache.ResolutionCache - Resolution chrome91=91.0.4472.101 in cache (valid until 22:14:34 23/07/2021 SAMT)
00:34:07.915 [main] INFO io.github.bonigarcia.wdm.WebDriverManager - Using chromedriver 91.0.4472.101 (resolved driver for Chrome 91)
00:34:07.929 [main] DEBUG io.github.bonigarcia.wdm.WebDriverManager - Driver chromedriver 91.0.4472.101 found in cache
00:34:07.930 [main] INFO io.github.bonigarcia.wdm.WebDriverManager - Exporting webdriver.chrome.driver as C:\Users\Roman\.cache\selenium\chromedriver\win32\91.0.4472.101\chromedriver.exe
  &amp#27;[32mGiven &amp#27;[0m&amp#27;[32mI go to shop page&amp#27;[0m                                                                      &amp#27;[90m# steps.MyStepdefs.iGoToShopPage()&amp#27;[0m
  &amp#27;[32mWhen &amp#27;[0m&amp#27;[32mI select &amp#27;[0m&amp#27;[32m&amp#27;[1m"Men's Apparel"&amp#27;[0m&amp#27;[32m first list of filters and I select &amp#27;[0m&amp#27;[32m&amp#27;[1m"30"&amp#27;[0m&amp#27;[32m second list of filters&amp#27;[0m &amp#27;[90m# steps.MyStepdefs.iSelectFirstListOfFiltersAndISelectSecondListOfFilters(java.lang.String,java.lang.String)&amp#27;[0m
  &amp#27;[32mThen &amp#27;[0m&amp#27;[32mI check and &amp#27;[0m&amp#27;[32m&amp#27;[1msee&amp#27;[0m&amp#27;[32m this filters on the display&amp#27;[0m                                             &amp#27;[90m# steps.MyStepdefs.iCheckAndSeeThisFiltersOnTheDisplay(java.lang.String)&amp#27;[0m
]]></system-out>
    <system-err><![CDATA[Starting ChromeDriver 91.0.4472.101 (af52a90bf87030dd1523486a1cd3ae25c5d76c9b-refs/branch-heads/4472@{#1462}) on port 40479
Only local connections are allowed.
Please see https://chromedriver.chromium.org/security-considerations for suggestions on keeping ChromeDriver safe.
ChromeDriver was started successfully.
июл. 23, 2021 12:34:09 AM org.openqa.selenium.remote.ProtocolHandshake createSession
INFO: Detected dialect: W3C
]]></system-err>
  </testcase>
</testsuite>